TN:
SF:src\app.js
FN:36,(anonymous_0)
FN:51,(anonymous_1)
FNF:2
FNH:0
FNDA:0,(anonymous_0)
FNDA:0,(anonymous_1)
DA:1,9
DA:2,9
DA:3,9
DA:4,9
DA:5,9
DA:7,9
DA:8,9
DA:9,9
DA:11,9
DA:14,9
DA:15,9
DA:23,9
DA:26,9
DA:29,9
DA:30,9
DA:33,9
DA:36,9
DA:37,0
DA:41,9
DA:42,9
DA:43,9
DA:44,9
DA:45,9
DA:46,9
DA:47,9
DA:48,9
DA:51,9
DA:52,0
DA:59,9
DA:61,9
LF:30
LH:28
BRDA:17,0,0,9
BRDA:17,0,1,0
BRDA:26,1,0,0
BRDA:26,1,1,9
BRF:4
BRH:2
end_of_record
TN:
SF:src\config\cloudinary.js
FNF:0
FNH:0
DA:1,0
DA:3,0
DA:9,0
LF:3
LH:0
BRF:0
BRH:0
end_of_record
TN:
SF:src\config\email.js
FNF:0
FNH:0
DA:1,9
DA:6,9
DA:14,9
LF:3
LH:3
BRF:0
BRH:0
end_of_record
TN:
SF:src\controllers\agreement.controller.js
FN:15,(anonymous_0)
FN:65,(anonymous_1)
FN:96,(anonymous_2)
FN:175,(anonymous_3)
FN:247,(anonymous_4)
FN:272,(anonymous_5)
FNF:6
FNH:6
FNDA:6,(anonymous_0)
FNDA:2,(anonymous_1)
FNDA:12,(anonymous_2)
FNDA:16,(anonymous_3)
FNDA:2,(anonymous_4)
FNDA:3,(anonymous_5)
DA:1,9
DA:2,9
DA:3,9
DA:4,9
DA:5,9
DA:6,9
DA:11,9
DA:12,9
DA:15,9
DA:16,6
DA:21,6
DA:22,4
DA:25,2
DA:26,2
DA:27,0
DA:28,2
DA:34,6
DA:36,5
DA:46,5
DA:49,5
DA:61,5
DA:65,9
DA:66,2
DA:72,2
DA:74,2
DA:96,9
DA:97,12
DA:98,0
DA:101,12
DA:104,12
DA:105,12
DA:106,0
DA:108,12
DA:109,12
DA:112,12
DA:116,12
DA:119,12
DA:122,12
DA:123,12
DA:137,12
DA:149,10
DA:150,0
DA:157,10
DA:161,10
DA:175,9
DA:176,16
DA:177,0
DA:180,16
DA:182,16
DA:186,16
DA:188,16
DA:191,16
DA:194,16
DA:195,16
DA:209,16
DA:221,13
DA:222,1
DA:229,12
DA:233,12
DA:247,9
DA:248,2
DA:252,2
DA:254,2
DA:257,2
DA:259,2
DA:263,2
DA:272,9
DA:273,3
DA:277,3
DA:279,3
DA:290,3
DA:292,3
DA:293,1
DA:299,2
DA:303,2
DA:330,9
LF:76
LH:71
BRDA:21,0,0,4
BRDA:21,0,1,2
BRDA:21,1,0,6
BRDA:21,1,1,2
BRDA:26,2,0,0
BRDA:26,2,1,2
BRDA:34,3,0,1
BRDA:34,3,1,5
BRDA:46,4,0,0
BRDA:46,4,1,5
BRDA:72,5,0,0
BRDA:72,5,1,2
BRDA:82,6,0,0
BRDA:82,6,1,2
BRDA:86,7,0,2
BRDA:86,7,1,1
BRDA:87,8,0,2
BRDA:87,8,1,1
BRDA:89,9,0,2
BRDA:89,9,1,2
BRDA:90,10,0,2
BRDA:90,10,1,2
BRDA:97,11,0,0
BRDA:97,11,1,12
BRDA:105,12,0,0
BRDA:105,12,1,12
BRDA:109,13,0,0
BRDA:109,13,1,12
BRDA:116,14,0,0
BRDA:116,14,1,12
BRDA:122,15,0,12
BRDA:122,15,1,0
BRDA:144,16,0,12
BRDA:144,16,1,12
BRDA:145,17,0,12
BRDA:145,17,1,12
BRDA:149,18,0,0
BRDA:149,18,1,10
BRDA:157,19,0,0
BRDA:157,19,1,10
BRDA:176,20,0,0
BRDA:176,20,1,16
BRDA:186,21,0,0
BRDA:186,21,1,16
BRDA:194,22,0,16
BRDA:194,22,1,0
BRDA:216,23,0,16
BRDA:216,23,1,16
BRDA:217,24,0,16
BRDA:217,24,1,16
BRDA:221,25,0,1
BRDA:221,25,1,12
BRDA:229,26,0,8
BRDA:229,26,1,4
BRDA:252,27,0,0
BRDA:252,27,1,2
BRDA:257,28,0,0
BRDA:257,28,1,2
BRDA:277,29,0,0
BRDA:277,29,1,3
BRDA:290,30,0,0
BRDA:290,30,1,3
BRDA:292,31,0,1
BRDA:292,31,1,2
BRF:64
BRH:46
end_of_record
TN:
SF:src\controllers\auth.controller.js
FN:19,(anonymous_0)
FN:33,(anonymous_1)
FN:88,(anonymous_2)
FN:143,(anonymous_3)
FN:176,(anonymous_4)
FN:247,(anonymous_5)
FN:258,(anonymous_6)
FN:294,(anonymous_7)
FN:336,(anonymous_8)
FNF:9
FNH:7
FNDA:8,(anonymous_0)
FNDA:15,(anonymous_1)
FNDA:1,(anonymous_2)
FNDA:0,(anonymous_3)
FNDA:11,(anonymous_4)
FNDA:2,(anonymous_5)
FNDA:4,(anonymous_6)
FNDA:7,(anonymous_7)
FNDA:0,(anonymous_8)
DA:1,9
DA:2,9
DA:3,9
DA:8,9
DA:9,9
DA:10,9
DA:11,9
DA:13,9
DA:15,9
DA:16,9
DA:19,9
DA:33,9
DA:34,15
DA:36,15
DA:37,3
DA:41,12
DA:42,12
DA:43,1
DA:47,11
DA:49,7
DA:50,7
DA:51,1
DA:55,6
DA:56,6
DA:57,6
DA:60,6
DA:73,6
DA:79,6
DA:88,9
DA:89,1
DA:91,1
DA:92,0
DA:95,1
DA:99,1
DA:100,0
DA:103,1
DA:104,0
DA:107,1
DA:108,0
DA:114,1
DA:115,0
DA:121,1
DA:122,1
DA:123,0
DA:127,1
DA:128,1
DA:129,1
DA:130,1
DA:132,1
DA:134,1
DA:143,9
DA:144,0
DA:146,0
DA:148,0
DA:152,0
DA:153,0
DA:154,0
DA:156,0
DA:157,0
DA:159,0
DA:160,0
DA:161,0
DA:163,0
DA:169,0
DA:176,9
DA:177,11
DA:179,11
DA:180,2
DA:183,9
DA:187,9
DA:189,9
DA:195,9
DA:196,1
DA:200,8
DA:201,0
DA:202,0
DA:209,8
DA:210,1
DA:213,7
DA:215,7
DA:217,2
DA:218,2
DA:219,1
DA:220,1
DA:221,1
DA:222,1
DA:227,1
DA:228,1
DA:232,5
DA:233,5
DA:234,5
DA:236,5
DA:238,5
DA:247,9
DA:248,2
DA:249,2
DA:251,2
DA:258,9
DA:259,4
DA:260,4
DA:262,3
DA:265,3
DA:266,1
DA:273,2
DA:274,2
DA:276,2
DA:277,2
DA:278,2
DA:280,2
DA:286,2
DA:294,9
DA:295,7
DA:297,7
DA:298,1
DA:301,6
DA:303,5
DA:305,5
DA:306,0
DA:309,5
DA:310,1
DA:316,4
DA:317,4
DA:318,1
DA:322,3
DA:323,3
DA:324,3
DA:325,3
DA:326,3
DA:327,3
DA:329,3
DA:336,9
DA:337,0
DA:338,0
DA:341,0
DA:342,0
DA:346,0
DA:348,0
DA:351,0
DA:353,0
DA:355,0
DA:356,0
DA:362,0
DA:363,0
DA:373,0
DA:375,0
DA:383,9
LF:146
LH:110
BRDA:36,0,0,3
BRDA:36,0,1,12
BRDA:36,1,0,15
BRDA:36,1,1,14
BRDA:36,1,2,13
BRDA:42,2,0,1
BRDA:42,2,1,11
BRDA:50,3,0,1
BRDA:50,3,1,6
BRDA:91,4,0,0
BRDA:91,4,1,1
BRDA:91,5,0,1
BRDA:91,5,1,1
BRDA:99,6,0,0
BRDA:99,6,1,1
BRDA:103,7,0,0
BRDA:103,7,1,1
BRDA:107,8,0,0
BRDA:107,8,1,1
BRDA:107,9,0,1
BRDA:107,9,1,1
BRDA:114,10,0,0
BRDA:114,10,1,1
BRDA:122,11,0,0
BRDA:122,11,1,1
BRDA:146,12,0,0
BRDA:146,12,1,0
BRDA:152,13,0,0
BRDA:152,13,1,0
BRDA:153,14,0,0
BRDA:153,14,1,0
BRDA:179,15,0,2
BRDA:179,15,1,9
BRDA:179,16,0,11
BRDA:179,16,1,10
BRDA:189,17,0,8
BRDA:189,17,1,1
BRDA:195,18,0,1
BRDA:195,18,1,8
BRDA:195,19,0,9
BRDA:195,19,1,8
BRDA:200,20,0,0
BRDA:200,20,1,8
BRDA:209,21,0,1
BRDA:209,21,1,7
BRDA:215,22,0,2
BRDA:215,22,1,5
BRDA:218,23,0,1
BRDA:218,23,1,1
BRDA:249,24,0,0
BRDA:249,24,1,2
BRDA:260,25,0,1
BRDA:260,25,1,3
BRDA:265,26,0,1
BRDA:265,26,1,2
BRDA:265,27,0,3
BRDA:265,27,1,2
BRDA:297,28,0,1
BRDA:297,28,1,6
BRDA:297,29,0,7
BRDA:297,29,1,7
BRDA:297,29,2,6
BRDA:305,30,0,0
BRDA:305,30,1,5
BRDA:305,31,0,5
BRDA:305,31,1,5
BRDA:305,31,2,5
BRDA:309,32,0,1
BRDA:309,32,1,4
BRDA:317,33,0,1
BRDA:317,33,1,3
BRDA:338,34,0,0
BRDA:338,34,1,0
BRDA:355,35,0,0
BRDA:355,35,1,0
BRDA:355,36,0,0
BRDA:355,36,1,0
BRDA:362,37,0,0
BRDA:362,37,1,0
BRDA:369,38,0,0
BRDA:369,38,1,0
BRF:81
BRH:56
end_of_record
TN:
SF:src\controllers\lease.controller.js
FN:163,(anonymous_0)
FN:302,(anonymous_1)
FN:344,(anonymous_2)
FN:415,(anonymous_3)
FN:478,(anonymous_4)
FN:594,(anonymous_5)
FN:624,(anonymous_6)
FN:640,(anonymous_7)
FNF:8
FNH:8
FNDA:11,(anonymous_0)
FNDA:4,(anonymous_1)
FNDA:2,(anonymous_2)
FNDA:6,(anonymous_3)
FNDA:4,(anonymous_4)
FNDA:4,(anonymous_5)
FNDA:2,(anonymous_6)
FNDA:1,(anonymous_7)
DA:1,9
DA:2,9
DA:3,9
DA:4,9
DA:5,9
DA:6,9
DA:7,9
DA:8,9
DA:9,9
DA:14,9
DA:163,9
DA:179,11
DA:181,11
DA:182,11
DA:183,11
DA:184,1
DA:185,10
DA:186,1
DA:188,9
DA:192,9
DA:193,8
DA:194,0
DA:196,8
DA:201,8
DA:202,8
DA:203,0
DA:205,8
DA:206,1
DA:211,7
DA:212,0
DA:218,7
DA:219,7
DA:220,1
DA:226,6
DA:230,6
DA:231,1
DA:237,5
DA:242,5
DA:243,1
DA:249,4
DA:251,4
DA:275,4
DA:277,4
DA:288,4
DA:293,4
DA:302,9
DA:310,4
DA:312,4
DA:313,4
DA:314,4
DA:315,4
DA:316,4
DA:318,4
DA:320,4
DA:331,4
DA:344,9
DA:345,2
DA:355,2
DA:357,1
DA:415,9
DA:416,6
DA:418,6
DA:422,6
DA:424,5
DA:425,5
DA:426,2
DA:432,3
DA:434,3
DA:435,3
DA:436,3
DA:437,3
DA:440,3
DA:441,2
DA:442,2
DA:443,2
DA:444,2
DA:445,2
DA:448,2
DA:449,2
DA:450,2
DA:451,2
DA:455,3
DA:456,3
DA:458,3
DA:469,3
DA:478,9
DA:479,4
DA:481,4
DA:485,4
DA:488,4
DA:489,1
DA:496,3
DA:502,3
DA:503,0
DA:509,3
DA:512,3
DA:535,3
DA:536,3
DA:537,3
DA:539,3
DA:550,3
DA:555,3
DA:594,9
DA:595,4
DA:599,4
DA:601,4
DA:602,1
DA:608,3
DA:609,3
DA:614,3
DA:616,3
DA:624,9
DA:625,2
DA:626,2
DA:627,2
DA:629,2
DA:640,2
DA:641,1
DA:644,1
DA:647,2
DA:654,9
LF:121
LH:117
BRDA:182,0,0,0
BRDA:182,0,1,11
BRDA:183,1,0,1
BRDA:183,1,1,10
BRDA:185,2,0,1
BRDA:185,2,1,9
BRDA:192,3,0,1
BRDA:192,3,1,8
BRDA:193,4,0,0
BRDA:193,4,1,8
BRDA:201,5,0,0
BRDA:201,5,1,8
BRDA:202,6,0,0
BRDA:202,6,1,8
BRDA:205,7,0,1
BRDA:205,7,1,7
BRDA:211,8,0,0
BRDA:211,8,1,7
BRDA:219,9,0,1
BRDA:219,9,1,6
BRDA:230,10,0,1
BRDA:230,10,1,5
BRDA:242,11,0,1
BRDA:242,11,1,4
BRDA:260,12,0,4
BRDA:260,12,1,0
BRDA:261,13,0,4
BRDA:261,13,1,0
BRDA:262,14,0,4
BRDA:262,14,1,0
BRDA:263,15,0,4
BRDA:263,15,1,0
BRDA:264,16,0,4
BRDA:264,16,1,0
BRDA:265,17,0,4
BRDA:265,17,1,0
BRDA:266,18,0,4
BRDA:266,18,1,4
BRDA:267,19,0,4
BRDA:267,19,1,4
BRDA:304,20,0,4
BRDA:305,21,0,4
BRDA:313,22,0,1
BRDA:313,22,1,3
BRDA:314,23,0,0
BRDA:314,23,1,4
BRDA:315,24,0,0
BRDA:315,24,1,4
BRDA:316,25,0,1
BRDA:316,25,1,3
BRDA:355,26,0,1
BRDA:355,26,1,1
BRDA:422,27,0,1
BRDA:422,27,1,5
BRDA:425,28,0,2
BRDA:425,28,1,3
BRDA:436,29,0,3
BRDA:436,29,1,1
BRDA:440,30,0,2
BRDA:440,30,1,1
BRDA:442,31,0,2
BRDA:442,31,1,0
BRDA:449,32,0,2
BRDA:449,32,1,0
BRDA:465,33,0,3
BRDA:465,33,1,1
BRDA:471,34,0,2
BRDA:471,34,1,1
BRDA:485,35,0,0
BRDA:485,35,1,4
BRDA:488,36,0,1
BRDA:488,36,1,3
BRDA:502,37,0,0
BRDA:502,37,1,3
BRDA:520,38,0,3
BRDA:520,38,1,0
BRDA:530,39,0,3
BRDA:530,39,1,3
BRDA:599,40,0,0
BRDA:599,40,1,4
BRDA:601,41,0,1
BRDA:601,41,1,3
BRF:82
BRH:63
end_of_record
TN:
SF:src\controllers\profile.controller.js
FN:7,(anonymous_0)
FN:23,(anonymous_1)
FN:35,(anonymous_2)
FN:64,(anonymous_3)
FN:100,(anonymous_4)
FN:122,(anonymous_5)
FN:155,(anonymous_6)
FN:174,(anonymous_7)
FNF:8
FNH:0
FNDA:0,(anonymous_0)
FNDA:0,(anonymous_1)
FNDA:0,(anonymous_2)
FNDA:0,(anonymous_3)
FNDA:0,(anonymous_4)
FNDA:0,(anonymous_5)
FNDA:0,(anonymous_6)
FNDA:0,(anonymous_7)
DA:1,9
DA:2,9
DA:3,9
DA:4,9
DA:7,9
DA:23,9
DA:24,0
DA:25,0
DA:27,0
DA:35,9
DA:36,0
DA:37,0
DA:40,0
DA:41,0
DA:42,0
DA:43,0
DA:44,0
DA:48,0
DA:49,0
DA:52,0
DA:53,0
DA:55,0
DA:64,9
DA:65,0
DA:66,0
DA:69,0
DA:70,0
DA:73,0
DA:74,0
DA:75,0
DA:78,0
DA:83,0
DA:88,0
DA:90,0
DA:100,9
DA:101,0
DA:102,0
DA:104,0
DA:105,0
DA:109,0
DA:111,0
DA:112,0
DA:114,0
DA:122,9
DA:123,0
DA:125,0
DA:126,0
DA:133,0
DA:134,0
DA:137,0
DA:138,0
DA:140,0
DA:141,0
DA:144,0
DA:145,0
DA:147,0
DA:155,9
DA:156,0
DA:157,0
DA:159,0
DA:160,0
DA:163,0
DA:164,0
DA:166,0
DA:174,9
DA:175,0
DA:177,0
DA:178,0
DA:184,0
DA:185,0
DA:188,0
DA:189,0
DA:195,0
DA:197,0
DA:198,0
DA:200,0
DA:201,0
DA:207,0
DA:208,0
DA:211,0
DA:212,0
DA:214,0
DA:215,0
DA:217,0
DA:223,9
LF:85
LH:13
BRDA:25,0,0,0
BRDA:25,0,1,0
BRDA:37,1,0,0
BRDA:37,1,1,0
BRDA:43,2,0,0
BRDA:43,2,1,0
BRDA:48,3,0,0
BRDA:48,3,1,0
BRDA:65,4,0,0
BRDA:65,4,1,0
BRDA:70,5,0,0
BRDA:70,5,1,0
BRDA:73,6,0,0
BRDA:73,6,1,0
BRDA:102,7,0,0
BRDA:102,7,1,0
BRDA:104,8,0,0
BRDA:104,8,1,0
BRDA:125,9,0,0
BRDA:125,9,1,0
BRDA:125,10,0,0
BRDA:125,10,1,0
BRDA:125,10,2,0
BRDA:133,11,0,0
BRDA:133,11,1,0
BRDA:138,12,0,0
BRDA:138,12,1,0
BRDA:140,13,0,0
BRDA:140,13,1,0
BRDA:140,14,0,0
BRDA:140,14,1,0
BRDA:157,15,0,0
BRDA:157,15,1,0
BRDA:159,16,0,0
BRDA:159,16,1,0
BRDA:177,17,0,0
BRDA:177,17,1,0
BRDA:177,18,0,0
BRDA:177,18,1,0
BRDA:177,18,2,0
BRDA:184,19,0,0
BRDA:184,19,1,0
BRDA:188,20,0,0
BRDA:188,20,1,0
BRDA:198,21,0,0
BRDA:198,21,1,0
BRDA:200,22,0,0
BRDA:200,22,1,0
BRDA:207,23,0,0
BRDA:207,23,1,0
BRDA:212,24,0,0
BRDA:212,24,1,0
BRF:52
BRH:0
end_of_record
TN:
SF:src\controllers\property.controller.js
FN:8,(anonymous_0)
FN:48,(anonymous_1)
FN:83,(anonymous_2)
FN:102,(anonymous_3)
FN:119,(anonymous_4)
FN:156,(anonymous_5)
FNF:6
FNH:6
FNDA:3,(anonymous_0)
FNDA:4,(anonymous_1)
FNDA:7,(anonymous_2)
FNDA:6,(anonymous_3)
FNDA:3,(anonymous_4)
FNDA:4,(anonymous_5)
DA:1,9
DA:2,9
DA:3,9
DA:4,9
DA:5,9
DA:8,9
DA:18,3
DA:20,3
DA:32,3
DA:40,3
DA:48,9
DA:56,4
DA:58,4
DA:61,4
DA:64,4
DA:65,1
DA:68,4
DA:69,4
DA:71,4
DA:73,4
DA:82,4
DA:84,7
DA:85,7
DA:89,4
DA:102,9
DA:103,6
DA:108,5
DA:110,2
DA:112,2
DA:119,9
DA:121,3
DA:123,3
DA:127,3
DA:129,2
DA:130,0
DA:136,2
DA:137,2
DA:139,2
DA:147,2
DA:156,9
DA:157,4
DA:161,4
DA:163,4
DA:164,1
DA:168,3
DA:174,3
DA:175,1
DA:181,2
DA:182,2
DA:184,2
DA:192,2
DA:198,9
LF:52
LH:51
BRDA:27,0,0,3
BRDA:27,0,1,3
BRDA:28,1,0,3
BRDA:28,1,1,3
BRDA:29,2,0,3
BRDA:29,2,1,3
BRDA:50,3,0,3
BRDA:51,4,0,3
BRDA:55,5,0,4
BRDA:61,6,0,4
BRDA:61,6,1,0
BRDA:64,7,0,1
BRDA:64,7,1,3
BRDA:68,8,0,0
BRDA:68,8,1,4
BRDA:69,9,0,0
BRDA:69,9,1,4
BRDA:108,10,0,3
BRDA:108,10,1,2
BRDA:127,11,0,1
BRDA:127,11,1,2
BRDA:129,12,0,0
BRDA:129,12,1,2
BRDA:161,13,0,0
BRDA:161,13,1,4
BRDA:163,14,0,1
BRDA:163,14,1,3
BRDA:174,15,0,1
BRDA:174,15,1,2
BRF:29
BRH:24
end_of_record
TN:
SF:src\controllers\tenant.controller.js
FN:22,(anonymous_0)
FN:113,(anonymous_1)
FN:179,(anonymous_2)
FN:203,(anonymous_3)
FN:299,(anonymous_4)
FN:345,(anonymous_5)
FN:369,(anonymous_6)
FN:391,(anonymous_7)
FN:403,(anonymous_8)
FN:426,(anonymous_9)
FN:513,(anonymous_10)
FN:564,(anonymous_11)
FN:575,(anonymous_12)
FN:606,(anonymous_13)
FN:698,(anonymous_14)
FNF:15
FNH:10
FNDA:12,(anonymous_0)
FNDA:0,(anonymous_1)
FNDA:0,(anonymous_2)
FNDA:7,(anonymous_3)
FNDA:1,(anonymous_4)
FNDA:4,(anonymous_5)
FNDA:0,(anonymous_6)
FNDA:2,(anonymous_7)
FNDA:0,(anonymous_8)
FNDA:4,(anonymous_9)
FNDA:4,(anonymous_10)
FNDA:2,(anonymous_11)
FNDA:1,(anonymous_12)
FNDA:1,(anonymous_13)
FNDA:0,(anonymous_14)
DA:1,9
DA:2,9
DA:3,9
DA:4,9
DA:5,9
DA:6,9
DA:7,9
DA:9,9
DA:10,9
DA:11,9
DA:16,9
DA:17,9
DA:18,9
DA:22,9
DA:23,12
DA:57,12
DA:59,12
DA:97,8
DA:113,9
DA:114,0
DA:118,0
DA:120,0
DA:121,0
DA:124,0
DA:127,0
DA:131,0
DA:134,0
DA:141,0
DA:142,0
DA:144,0
DA:157,0
DA:159,0
DA:171,0
DA:179,9
DA:180,0
DA:184,0
DA:186,0
DA:187,0
DA:190,0
DA:195,0
DA:203,9
DA:204,7
DA:206,7
DA:207,0
DA:213,7
DA:214,1
DA:217,6
DA:220,5
DA:227,5
DA:228,0
DA:234,5
DA:235,1
DA:236,1
DA:237,1
DA:243,4
DA:244,4
DA:245,1
DA:249,3
DA:252,3
DA:254,3
DA:255,3
DA:256,3
DA:257,3
DA:260,3
DA:261,3
DA:262,3
DA:265,3
DA:266,3
DA:267,3
DA:268,3
DA:272,3
DA:278,3
DA:283,3
DA:299,9
DA:300,1
DA:301,0
DA:304,1
DA:305,1
DA:306,0
DA:309,1
DA:310,1
DA:313,1
DA:322,1
DA:327,1
DA:345,9
DA:346,4
DA:348,4
DA:349,4
DA:351,4
DA:352,1
DA:353,1
DA:363,4
DA:364,0
DA:369,0
DA:372,4
DA:373,4
DA:378,4
DA:391,9
DA:392,2
DA:396,2
DA:398,1
DA:403,1
DA:406,1
DA:412,1
DA:426,9
DA:427,4
DA:431,4
DA:432,4
DA:433,1
DA:436,3
DA:437,0
DA:442,0
DA:443,0
DA:445,0
DA:446,0
DA:447,0
DA:453,0
DA:454,0
DA:460,0
DA:466,3
DA:482,3
DA:483,1
DA:487,3
DA:488,3
DA:489,36
DA:490,3
DA:495,3
DA:496,3
DA:498,3
DA:506,3
DA:513,9
DA:514,4
DA:518,4
DA:520,4
DA:521,1
DA:523,3
DA:527,3
DA:528,1
DA:534,2
DA:535,2
DA:538,2
DA:539,0
DA:545,2
DA:550,2
DA:558,2
DA:564,9
DA:565,2
DA:566,2
DA:567,2
DA:568,2
DA:569,2
DA:570,2
DA:575,9
DA:576,1
DA:577,1
DA:578,0
DA:580,1
DA:581,1
DA:584,1
DA:595,1
DA:606,9
DA:607,1
DA:608,1
DA:609,0
DA:611,1
DA:612,1
DA:614,1
DA:615,0
DA:622,1
DA:623,0
DA:624,0
DA:625,0
DA:630,0
DA:635,0
DA:638,0
DA:639,0
DA:640,0
DA:641,0
DA:644,0
DA:648,1
DA:665,1
DA:666,1
DA:667,14
DA:668,3
DA:672,1
DA:673,1
DA:676,1
DA:677,0
DA:678,0
DA:681,1
DA:689,1
DA:698,9
DA:699,0
DA:701,0
DA:702,0
DA:704,0
DA:705,0
DA:711,0
DA:712,0
DA:714,0
DA:716,0
DA:717,0
DA:723,0
DA:724,0
DA:726,0
DA:732,9
LF:206
LH:142
BRDA:118,0,0,0
BRDA:118,0,1,0
BRDA:120,1,0,0
BRDA:120,1,1,0
BRDA:131,2,0,0
BRDA:131,2,1,0
BRDA:184,3,0,0
BRDA:184,3,1,0
BRDA:186,4,0,0
BRDA:186,4,1,0
BRDA:206,5,0,0
BRDA:206,5,1,7
BRDA:206,6,0,7
BRDA:206,6,1,7
BRDA:206,6,2,7
BRDA:206,6,3,7
BRDA:213,7,0,1
BRDA:213,7,1,6
BRDA:227,8,0,0
BRDA:227,8,1,5
BRDA:234,9,0,1
BRDA:234,9,1,4
BRDA:244,10,0,1
BRDA:244,10,1,3
BRDA:252,11,0,0
BRDA:252,11,1,3
BRDA:266,12,0,3
BRDA:266,12,1,0
BRDA:266,13,0,3
BRDA:266,13,1,3
BRDA:275,14,0,3
BRDA:275,14,1,0
BRDA:300,15,0,0
BRDA:300,15,1,1
BRDA:305,16,0,0
BRDA:305,16,1,1
BRDA:305,17,0,1
BRDA:305,17,1,1
BRDA:310,18,0,0
BRDA:310,18,1,1
BRDA:346,19,0,3
BRDA:346,20,0,3
BRDA:349,21,0,1
BRDA:349,21,1,3
BRDA:351,22,0,1
BRDA:351,22,1,3
BRDA:363,23,0,0
BRDA:363,23,1,4
BRDA:396,24,0,1
BRDA:396,24,1,1
BRDA:403,25,0,1
BRDA:403,25,1,1
BRDA:418,26,0,1
BRDA:418,26,1,1
BRDA:431,27,0,0
BRDA:431,27,1,4
BRDA:432,28,0,1
BRDA:432,28,1,3
BRDA:436,29,0,0
BRDA:436,29,1,3
BRDA:436,30,0,3
BRDA:436,30,1,0
BRDA:442,31,0,0
BRDA:442,31,1,0
BRDA:446,32,0,0
BRDA:446,32,1,0
BRDA:453,33,0,0
BRDA:453,33,1,0
BRDA:482,34,0,1
BRDA:482,34,1,2
BRDA:489,35,0,3
BRDA:489,35,1,33
BRDA:518,36,0,0
BRDA:518,36,1,4
BRDA:520,37,0,1
BRDA:520,37,1,3
BRDA:527,38,0,1
BRDA:527,38,1,2
BRDA:538,39,0,0
BRDA:538,39,1,2
BRDA:565,40,0,2
BRDA:565,40,1,0
BRDA:577,41,0,0
BRDA:577,41,1,1
BRDA:581,42,0,0
BRDA:581,42,1,1
BRDA:608,43,0,0
BRDA:608,43,1,1
BRDA:612,44,0,0
BRDA:612,44,1,1
BRDA:614,45,0,0
BRDA:614,45,1,1
BRDA:622,46,0,0
BRDA:622,46,1,1
BRDA:622,47,0,1
BRDA:622,47,1,0
BRDA:624,48,0,0
BRDA:624,48,1,0
BRDA:635,49,0,0
BRDA:635,49,1,0
BRDA:667,50,0,3
BRDA:667,50,1,11
BRDA:676,51,0,0
BRDA:676,51,1,1
BRDA:676,52,0,1
BRDA:676,52,1,1
BRDA:702,53,0,0
BRDA:702,53,1,0
BRDA:704,54,0,0
BRDA:704,54,1,0
BRDA:712,55,0,0
BRDA:712,55,1,0
BRDA:716,56,0,0
BRDA:716,56,1,0
BRF:114
BRH:63
end_of_record
TN:
SF:src\controllers\unit.controller.js
FN:7,(anonymous_0)
FN:16,(anonymous_1)
FN:68,(anonymous_2)
FN:75,(anonymous_3)
FN:89,(anonymous_4)
FN:96,(anonymous_5)
FN:127,(anonymous_6)
FN:147,(anonymous_7)
FN:158,(anonymous_8)
FN:233,(anonymous_9)
FN:278,(anonymous_10)
FN:308,(anonymous_11)
FNF:12
FNH:3
FNDA:2,(anonymous_0)
FNDA:1,(anonymous_1)
FNDA:0,(anonymous_2)
FNDA:0,(anonymous_3)
FNDA:0,(anonymous_4)
FNDA:0,(anonymous_5)
FNDA:1,(anonymous_6)
FNDA:0,(anonymous_7)
FNDA:0,(anonymous_8)
FNDA:0,(anonymous_9)
FNDA:0,(anonymous_10)
FNDA:0,(anonymous_11)
DA:1,9
DA:2,9
DA:3,9
DA:4,9
DA:7,9
DA:8,2
DA:9,2
DA:10,1
DA:11,0
DA:12,1
DA:16,9
DA:17,1
DA:18,1
DA:29,1
DA:32,1
DA:33,1
DA:34,0
DA:39,1
DA:52,1
DA:60,1
DA:68,9
DA:69,0
DA:70,0
DA:72,0
DA:75,0
DA:77,0
DA:78,0
DA:79,0
DA:83,0
DA:88,0
DA:89,0
DA:90,0
DA:96,0
DA:109,0
DA:111,0
DA:119,0
DA:127,9
DA:128,1
DA:129,1
DA:131,0
DA:132,0
DA:133,0
DA:135,0
DA:139,0
DA:147,9
DA:148,0
DA:152,0
DA:154,0
DA:158,9
DA:159,0
DA:160,0
DA:161,0
DA:162,0
DA:165,0
DA:168,0
DA:169,0
DA:173,0
DA:174,0
DA:180,0
DA:181,0
DA:183,0
DA:191,0
DA:233,9
DA:234,0
DA:235,0
DA:237,0
DA:238,0
DA:244,0
DA:245,0
DA:246,0
DA:247,0
DA:249,0
DA:250,0
DA:257,0
DA:258,0
DA:259,0
DA:260,0
DA:266,0
DA:267,0
DA:269,0
DA:278,9
DA:279,0
DA:280,0
DA:282,0
DA:283,0
DA:289,0
DA:290,0
DA:292,0
DA:300,0
DA:308,9
DA:309,0
DA:310,0
DA:312,0
DA:317,0
DA:318,0
DA:320,0
DA:321,0
DA:323,0
DA:324,0
DA:327,0
DA:330,0
DA:331,0
DA:334,0
DA:335,0
DA:337,0
DA:339,0
DA:351,0
DA:357,9
LF:108
LH:28
BRDA:9,0,0,1
BRDA:9,0,1,1
BRDA:10,1,0,0
BRDA:10,1,1,1
BRDA:33,2,0,0
BRDA:33,2,1,1
BRDA:44,3,0,1
BRDA:44,3,1,1
BRDA:45,4,0,1
BRDA:45,4,1,1
BRDA:47,5,0,1
BRDA:47,5,1,0
BRDA:48,6,0,1
BRDA:48,6,1,0
BRDA:49,7,0,1
BRDA:49,7,1,1
BRDA:78,8,0,0
BRDA:78,8,1,0
BRDA:88,9,0,0
BRDA:88,9,1,0
BRDA:101,10,0,0
BRDA:101,10,1,0
BRDA:102,11,0,0
BRDA:102,11,1,0
BRDA:104,12,0,0
BRDA:104,12,1,0
BRDA:105,13,0,0
BRDA:105,13,1,0
BRDA:106,14,0,0
BRDA:106,14,1,0
BRDA:133,15,0,0
BRDA:133,15,1,0
BRDA:152,16,0,0
BRDA:152,16,1,0
BRDA:160,17,0,0
BRDA:160,17,1,0
BRDA:161,18,0,0
BRDA:161,18,1,0
BRDA:168,19,0,0
BRDA:168,19,1,0
BRDA:168,20,0,0
BRDA:168,20,1,0
BRDA:173,21,0,0
BRDA:173,21,1,0
BRDA:237,22,0,0
BRDA:237,22,1,0
BRDA:245,23,0,0
BRDA:245,23,1,0
BRDA:246,24,0,0
BRDA:246,24,1,0
BRDA:249,25,0,0
BRDA:249,25,1,0
BRDA:259,26,0,0
BRDA:259,26,1,0
BRDA:280,27,0,0
BRDA:280,27,1,0
BRDA:282,28,0,0
BRDA:282,28,1,0
BRDA:310,29,0,0
BRDA:310,29,1,0
BRDA:317,30,0,0
BRDA:317,30,1,0
BRDA:318,31,0,0
BRDA:318,31,1,0
BRDA:320,32,0,0
BRDA:320,32,1,0
BRDA:323,33,0,0
BRDA:323,33,1,0
BRF:68
BRH:12
end_of_record
TN:
SF:src\middleware\errorHandler.js
FN:3,(anonymous_0)
FN:15,(anonymous_1)
FNF:2
FNH:1
FNDA:89,(anonymous_0)
FNDA:0,(anonymous_1)
DA:1,9
DA:3,9
DA:5,89
DA:6,0
DA:7,0
DA:14,89
DA:15,0
DA:16,0
DA:23,89
DA:24,1
DA:31,88
DA:32,88
DA:39,0
DA:40,0
DA:49,9
LF:15
LH:9
BRDA:5,0,0,0
BRDA:5,0,1,89
BRDA:14,1,0,0
BRDA:14,1,1,89
BRDA:23,2,0,1
BRDA:23,2,1,88
BRDA:31,3,0,88
BRDA:31,3,1,0
BRDA:43,4,0,0
BRDA:43,4,1,0
BRF:10
BRH:5
end_of_record
TN:
SF:src\middleware\protect.js
FN:5,(anonymous_0)
FNF:1
FNH:1
FNDA:158,(anonymous_0)
DA:1,9
DA:2,9
DA:3,9
DA:5,9
DA:6,158
DA:8,158
DA:9,7
DA:12,151
DA:15,151
DA:16,151
DA:18,1
DA:19,0
DA:21,1
DA:24,150
DA:25,150
DA:26,0
DA:29,150
DA:30,150
DA:33,9
LF:19
LH:17
BRDA:8,0,0,7
BRDA:8,0,1,151
BRDA:8,1,0,158
BRDA:8,1,1,152
BRDA:18,2,0,0
BRDA:18,2,1,1
BRDA:25,3,0,0
BRDA:25,3,1,150
BRF:8
BRH:6
end_of_record
TN:
SF:src\middleware\rateLimiter.js
FN:45,(anonymous_0)
FNF:1
FNH:1
FNDA:231,(anonymous_0)
DA:41,9
DA:43,9
DA:45,231
DA:47,9
DA:60,9
DA:74,9
DA:87,9
LF:7
LH:7
BRDA:47,0,0,9
BRDA:47,0,1,0
BRDA:60,1,0,9
BRDA:60,1,1,0
BRDA:74,2,0,9
BRDA:74,2,1,0
BRF:6
BRH:3
end_of_record
TN:
SF:src\middleware\restrictTo.js
FN:3,(anonymous_0)
FN:4,(anonymous_1)
FNF:2
FNH:2
FNDA:108,(anonymous_0)
FNDA:140,(anonymous_1)
DA:1,9
DA:3,9
DA:4,108
DA:5,140
DA:6,5
DA:11,135
DA:15,9
LF:7
LH:7
BRDA:5,0,0,5
BRDA:5,0,1,135
BRF:2
BRH:2
end_of_record
TN:
SF:src\middleware\sanitize.js
FN:6,(anonymous_0)
FN:13,(anonymous_1)
FNF:2
FNH:2
FNDA:201,(anonymous_0)
FNDA:810,(anonymous_1)
DA:6,9
DA:7,201
DA:8,201
DA:10,201
DA:13,9
DA:14,810
DA:15,344
DA:16,344
DA:17,201
DA:18,201
DA:19,609
DA:21,201
DA:23,143
DA:26,9
LF:14
LH:14
BRDA:7,0,0,201
BRDA:7,0,1,0
BRDA:7,1,0,201
BRDA:7,1,1,201
BRDA:14,2,0,466
BRDA:14,2,1,344
BRDA:15,3,0,0
BRDA:15,3,1,344
BRDA:16,4,0,201
BRDA:16,4,1,143
BRDA:16,5,0,344
BRDA:16,5,1,344
BRF:12
BRH:10
end_of_record
TN:
SF:src\middleware\upload.js
FN:12,(anonymous_0)
FN:27,(anonymous_1)
FNF:2
FNH:1
FNDA:9,(anonymous_0)
FNDA:0,(anonymous_1)
DA:1,9
DA:2,9
DA:3,9
DA:12,9
DA:13,9
DA:24,9
DA:28,0
DA:29,0
DA:31,0
DA:37,9
LF:10
LH:7
BRDA:12,0,0,0
BRDA:28,1,0,0
BRDA:28,1,1,0
BRF:3
BRH:0
end_of_record
TN:
SF:src\middleware\validate.js
FN:8,(anonymous_0)
FN:11,(anonymous_1)
FNF:2
FNH:2
FNDA:69,(anonymous_0)
FNDA:21,(anonymous_1)
DA:1,9
DA:2,9
DA:8,9
DA:9,69
DA:10,69
DA:11,21
DA:12,16
DA:14,53
DA:17,9
LF:9
LH:9
BRDA:10,0,0,16
BRDA:10,0,1,53
BRF:2
BRH:2
end_of_record
TN:
SF:src\models\ActivityLog.js
FNF:0
FNH:0
DA:1,9
DA:3,9
DA:51,9
DA:52,9
DA:54,9
LF:5
LH:5
BRF:0
BRH:0
end_of_record
TN:
SF:src\models\AgreementAudit.js
FN:75,(anonymous_0)
FN:78,(anonymous_1)
FN:81,(anonymous_2)
FNF:3
FNH:0
FNDA:0,(anonymous_0)
FNDA:0,(anonymous_1)
FNDA:0,(anonymous_2)
DA:1,9
DA:3,9
DA:75,9
DA:76,0
DA:78,9
DA:79,0
DA:81,9
DA:82,0
DA:85,9
DA:86,9
DA:87,9
DA:88,9
DA:90,9
LF:13
LH:10
BRF:0
BRH:0
end_of_record
TN:
SF:src\models\Lease.js
FNF:0
FNH:0
DA:1,9
DA:3,9
DA:24,9
DA:150,9
DA:151,9
DA:152,9
DA:153,9
DA:155,9
LF:8
LH:8
BRF:0
BRH:0
end_of_record
TN:
SF:src\models\Property.js
FNF:0
FNH:0
DA:1,9
DA:3,9
DA:11,9
DA:32,9
DA:106,9
DA:113,9
DA:114,9
DA:115,9
DA:117,9
LF:9
LH:9
BRF:0
BRH:0
end_of_record
TN:
SF:src\models\RentalAgreement.js
FN:128,(anonymous_0)
FN:132,(anonymous_1)
FN:157,(anonymous_2)
FN:158,(anonymous_3)
FNF:4
FNH:2
FNDA:37,(anonymous_0)
FNDA:37,(anonymous_1)
FNDA:0,(anonymous_2)
FNDA:0,(anonymous_3)
DA:1,9
DA:4,9
DA:57,9
DA:82,9
DA:128,37
DA:132,37
DA:157,9
DA:158,0
DA:164,9
DA:166,9
LF:10
LH:9
BRDA:158,0,0,0
BRDA:158,0,1,0
BRF:2
BRH:0
end_of_record
TN:
SF:src\models\Tenant.js
FNF:0
FNH:0
DA:1,9
DA:3,9
DA:12,9
DA:23,9
DA:45,9
DA:179,9
DA:180,9
DA:181,9
DA:183,9
LF:9
LH:9
BRF:0
BRH:0
end_of_record
TN:
SF:src\models\TenantInvitation.js
FNF:0
FNH:0
DA:1,9
DA:3,9
DA:53,9
DA:54,9
DA:55,9
DA:56,9
DA:58,9
LF:7
LH:7
BRF:0
BRH:0
end_of_record
TN:
SF:src\models\Unit.js
FNF:0
FNH:0
DA:1,9
DA:3,9
DA:82,9
DA:83,9
DA:84,9
DA:86,9
LF:6
LH:6
BRF:0
BRH:0
end_of_record
TN:
SF:src\models\User.js
FN:117,(anonymous_0)
FN:123,(anonymous_1)
FN:128,(anonymous_2)
FNF:3
FNH:3
FNDA:234,(anonymous_0)
FNDA:7,(anonymous_1)
FNDA:8,(anonymous_2)
DA:1,9
DA:2,9
DA:4,9
DA:13,9
DA:117,9
DA:118,234
DA:119,213
DA:123,9
DA:124,7
DA:128,9
DA:129,8
DA:132,9
LF:12
LH:12
BRDA:118,0,0,21
BRDA:118,0,1,213
BRDA:118,1,0,234
BRDA:118,1,1,221
BRDA:129,2,0,8
BRDA:129,2,1,0
BRF:6
BRH:5
end_of_record
TN:
SF:src\routes\agreement.routes.js
FNF:0
FNH:0
DA:1,9
DA:2,9
DA:11,9
DA:13,9
DA:14,9
DA:16,9
DA:19,9
DA:20,9
DA:23,9
DA:28,9
DA:29,9
DA:36,9
DA:38,9
LF:13
LH:13
BRF:0
BRH:0
end_of_record
TN:
SF:src\routes\auth.routes.js
FNF:0
FNH:0
DA:1,9
DA:2,9
DA:13,9
DA:15,9
DA:16,9
DA:19,9
DA:20,9
DA:21,9
DA:24,9
DA:27,9
DA:30,9
DA:31,9
DA:34,9
DA:36,9
LF:14
LH:14
BRF:0
BRH:0
end_of_record
TN:
SF:src\routes\lease.routes.js
FNF:0
FNH:0
DA:1,9
DA:2,9
DA:12,9
DA:14,9
DA:15,9
DA:16,9
DA:21,9
DA:23,9
DA:25,9
DA:27,9
DA:29,9
DA:31,9
DA:32,9
DA:33,9
DA:35,9
LF:15
LH:15
BRF:0
BRH:0
end_of_record
TN:
SF:src\routes\profile.routes.js
FNF:0
FNH:0
DA:1,9
DA:2,9
DA:12,9
DA:14,9
DA:15,9
DA:16,9
DA:21,9
DA:24,9
DA:27,9
DA:28,9
DA:31,9
DA:36,9
DA:39,9
DA:40,9
DA:43,9
DA:45,9
LF:16
LH:16
BRF:0
BRH:0
end_of_record
TN:
SF:src\routes\property.routes.js
FNF:0
FNH:0
DA:1,9
DA:2,9
DA:10,9
DA:12,9
DA:13,9
DA:14,9
DA:19,9
DA:21,9
DA:23,9
DA:28,9
DA:34,9
LF:11
LH:11
BRF:0
BRH:0
end_of_record
TN:
SF:src\routes\tenant.routes.js
FNF:0
FNH:0
DA:1,9
DA:2,9
DA:17,9
DA:19,9
DA:20,9
DA:21,9
DA:27,9
DA:31,9
DA:34,9
DA:37,9
DA:38,9
DA:39,9
DA:47,9
DA:57,9
DA:59,9
DA:61,9
DA:63,9
DA:69,9
DA:70,9
DA:72,9
LF:20
LH:20
BRF:0
BRH:0
end_of_record
TN:
SF:src\routes\unit.routes.js
FNF:0
FNH:0
DA:1,9
DA:2,9
DA:13,9
DA:15,9
DA:16,9
DA:17,9
DA:22,9
DA:24,9
DA:27,9
DA:29,9
DA:32,9
DA:38,9
DA:39,9
DA:41,9
LF:14
LH:14
BRF:0
BRH:0
end_of_record
TN:
SF:src\services\activityLog.service.js
FN:7,(anonymous_0)
FNF:1
FNH:1
FNDA:40,(anonymous_0)
DA:1,9
DA:7,9
DA:8,40
DA:9,40
DA:11,0
DA:15,9
LF:6
LH:5
BRDA:7,0,0,0
BRF:1
BRH:0
end_of_record
TN:
SF:src\services\agreement.service.js
FN:27,(anonymous_0)
FN:55,(anonymous_1)
FN:148,(anonymous_2)
FN:172,(anonymous_3)
FN:239,(anonymous_4)
FN:254,(anonymous_5)
FN:272,(anonymous_6)
FN:288,(anonymous_7)
FN:320,(anonymous_8)
FN:503,(anonymous_9)
FNF:10
FNH:6
FNDA:22,(anonymous_0)
FNDA:12,(anonymous_1)
FNDA:0,(anonymous_2)
FNDA:0,(anonymous_3)
FNDA:0,(anonymous_4)
FNDA:0,(anonymous_5)
FNDA:28,(anonymous_6)
FNDA:28,(anonymous_7)
FNDA:24,(anonymous_8)
FNDA:6,(anonymous_9)
DA:1,9
DA:2,9
DA:3,9
DA:4,9
DA:5,9
DA:6,9
DA:7,9
DA:8,9
DA:12,9
DA:18,9
DA:19,9
DA:20,9
DA:21,9
DA:27,9
DA:28,22
DA:29,22
DA:30,22
DA:31,22
DA:33,22
DA:34,22
DA:35,22
DA:36,22
DA:38,22
DA:39,22
DA:40,22
DA:41,22
DA:42,22
DA:43,0
DA:45,22
DA:46,22
DA:48,22
DA:55,9
DA:56,12
DA:58,12
DA:59,12
DA:61,12
DA:68,12
DA:69,12
DA:72,12
DA:81,12
DA:91,12
DA:112,12
DA:125,12
DA:141,12
DA:148,9
DA:153,0
DA:154,0
DA:156,0
DA:157,0
DA:163,0
DA:164,0
DA:172,0
DA:173,0
DA:174,0
DA:175,0
DA:179,0
DA:181,0
DA:190,0
DA:200,0
DA:201,0
DA:202,0
DA:211,0
DA:215,0
DA:216,0
DA:217,0
DA:220,0
DA:222,0
DA:233,0
DA:239,9
DA:240,0
DA:241,0
DA:242,0
DA:243,0
DA:244,0
DA:245,0
DA:246,0
DA:247,0
DA:249,0
DA:250,0
DA:254,0
DA:255,0
DA:256,0
DA:258,0
DA:259,0
DA:265,0
DA:272,9
DA:283,28
DA:285,28
DA:288,28
DA:290,28
DA:294,28
DA:296,28
DA:297,1
DA:298,1
DA:302,27
DA:306,27
DA:307,3
DA:308,24
DA:309,0
DA:310,24
DA:311,0
DA:316,24
DA:317,0
DA:320,24
DA:321,24
DA:322,0
DA:324,24
DA:325,0
DA:333,24
DA:337,24
DA:338,2
DA:345,22
DA:346,22
DA:352,22
DA:354,22
DA:378,22
DA:379,12
DA:381,10
DA:385,22
DA:387,22
DA:391,22
DA:393,22
DA:394,8
DA:395,8
DA:396,8
DA:398,14
DA:402,22
DA:403,22
DA:404,0
DA:406,22
DA:407,22
DA:408,0
DA:412,22
DA:414,22
DA:415,8
DA:416,8
DA:417,8
DA:419,8
DA:420,8
DA:421,8
DA:422,8
DA:424,8
DA:425,8
DA:426,8
DA:428,8
DA:446,8
DA:458,8
DA:471,22
DA:473,22
DA:491,22
DA:494,23
DA:496,28
DA:503,9
DA:504,6
DA:507,6
DA:509,1
DA:510,1
DA:512,1
DA:525,9
LF:159
LH:112
BRDA:27,0,0,0
BRDA:33,1,0,0
BRDA:33,1,1,22
BRDA:33,2,0,22
BRDA:33,2,1,0
BRDA:34,3,0,0
BRDA:34,3,1,22
BRDA:35,4,0,0
BRDA:35,4,1,22
BRDA:35,5,0,22
BRDA:35,5,1,0
BRDA:36,6,0,0
BRDA:36,6,1,22
BRDA:38,7,0,0
BRDA:38,7,1,22
BRDA:39,8,0,0
BRDA:39,8,1,22
BRDA:40,9,0,0
BRDA:40,9,1,22
BRDA:41,10,0,0
BRDA:41,10,1,22
BRDA:42,11,0,0
BRDA:42,11,1,22
BRDA:42,12,0,22
BRDA:42,12,1,22
BRDA:42,12,2,22
BRDA:45,13,0,0
BRDA:45,13,1,22
BRDA:45,14,0,22
BRDA:45,14,1,22
BRDA:46,15,0,0
BRDA:46,15,1,22
BRDA:46,16,0,22
BRDA:46,16,1,22
BRDA:55,17,0,12
BRDA:56,18,0,0
BRDA:56,18,1,12
BRDA:59,19,0,0
BRDA:59,19,1,12
BRDA:151,20,0,0
BRDA:154,21,0,0
BRDA:154,21,1,0
BRDA:156,22,0,0
BRDA:156,22,1,0
BRDA:173,23,0,0
BRDA:173,23,1,0
BRDA:211,24,0,0
BRDA:211,24,1,0
BRDA:212,25,0,0
BRDA:212,25,1,0
BRDA:241,26,0,0
BRDA:241,26,1,0
BRDA:242,27,0,0
BRDA:242,27,1,0
BRDA:244,28,0,0
BRDA:244,28,1,0
BRDA:246,29,0,0
BRDA:246,29,1,0
BRDA:249,30,0,0
BRDA:249,30,1,0
BRDA:255,31,0,0
BRDA:255,31,1,0
BRDA:258,32,0,0
BRDA:258,32,1,0
BRDA:294,33,0,0
BRDA:294,33,1,28
BRDA:296,34,0,1
BRDA:296,34,1,27
BRDA:296,35,0,28
BRDA:296,35,1,28
BRDA:306,36,0,3
BRDA:306,36,1,24
BRDA:308,37,0,0
BRDA:308,37,1,24
BRDA:310,38,0,0
BRDA:310,38,1,24
BRDA:316,39,0,0
BRDA:316,39,1,24
BRDA:321,40,0,0
BRDA:321,40,1,24
BRDA:324,41,0,0
BRDA:324,41,1,24
BRDA:333,42,0,13
BRDA:333,42,1,11
BRDA:337,43,0,2
BRDA:337,43,1,22
BRDA:371,44,0,22
BRDA:371,44,1,0
BRDA:378,45,0,12
BRDA:378,45,1,10
BRDA:385,46,0,10
BRDA:385,46,1,12
BRDA:387,47,0,12
BRDA:387,47,1,10
BRDA:391,48,0,22
BRDA:391,48,1,18
BRDA:393,49,0,8
BRDA:393,49,1,14
BRDA:402,50,0,22
BRDA:402,50,1,0
BRDA:403,51,0,0
BRDA:403,51,1,22
BRDA:407,52,0,0
BRDA:407,52,1,22
BRDA:414,53,0,8
BRDA:414,53,1,14
BRDA:471,54,0,12
BRDA:471,54,1,10
BRDA:503,55,0,6
BRDA:503,56,0,6
BRDA:507,57,0,5
BRDA:507,57,1,1
BRDA:507,58,0,6
BRDA:507,58,1,2
BRDA:518,59,0,0
BRDA:518,59,1,1
BRF:116
BRH:64
end_of_record
TN:
SF:src\services\agreementGenerator.service.js
FN:23,(anonymous_0)
FN:34,(anonymous_1)
FN:45,(anonymous_2)
FN:154,(anonymous_3)
FN:191,(anonymous_4)
FN:277,(anonymous_5)
FN:343,(anonymous_6)
FN:353,(anonymous_7)
FNF:8
FNH:0
FNDA:0,(anonymous_0)
FNDA:0,(anonymous_1)
FNDA:0,(anonymous_2)
FNDA:0,(anonymous_3)
FNDA:0,(anonymous_4)
FNDA:0,(anonymous_5)
FNDA:0,(anonymous_6)
FNDA:0,(anonymous_7)
DA:1,0
DA:2,0
DA:3,0
DA:4,0
DA:5,0
DA:6,0
DA:7,0
DA:8,0
DA:11,0
DA:23,0
DA:24,0
DA:25,0
DA:26,0
DA:27,0
DA:28,0
DA:34,0
DA:35,0
DA:36,0
DA:37,0
DA:38,0
DA:45,0
DA:53,0
DA:54,0
DA:58,0
DA:65,0
DA:66,0
DA:67,0
DA:68,0
DA:70,0
DA:154,0
DA:156,0
DA:157,0
DA:159,0
DA:160,0
DA:165,0
DA:182,0
DA:184,0
DA:191,0
DA:193,0
DA:249,0
DA:250,0
DA:251,0
DA:256,0
DA:263,0
DA:277,0
DA:285,0
DA:287,0
DA:289,0
DA:290,0
DA:291,0
DA:294,0
DA:295,0
DA:296,0
DA:299,0
DA:300,0
DA:302,0
DA:311,0
DA:312,0
DA:315,0
DA:316,0
DA:317,0
DA:322,0
DA:327,0
DA:328,0
DA:329,0
DA:335,0
DA:336,0
DA:337,0
DA:343,0
DA:344,0
DA:354,0
DA:355,0
DA:361,0
DA:376,0
DA:377,0
DA:384,0
LF:76
LH:0
BRDA:24,0,0,0
BRDA:24,0,1,0
BRDA:25,1,0,0
BRDA:25,1,1,0
BRDA:25,2,0,0
BRDA:25,2,1,0
BRDA:27,3,0,0
BRDA:27,3,1,0
BRDA:35,4,0,0
BRDA:35,4,1,0
BRDA:36,5,0,0
BRDA:36,5,1,0
BRDA:36,6,0,0
BRDA:36,6,1,0
BRDA:58,7,0,0
BRDA:58,7,1,0
BRDA:60,8,0,0
BRDA:60,8,1,0
BRDA:81,9,0,0
BRDA:81,9,1,0
BRDA:82,10,0,0
BRDA:82,10,1,0
BRDA:83,11,0,0
BRDA:83,11,1,0
BRDA:89,12,0,0
BRDA:89,12,1,0
BRDA:90,13,0,0
BRDA:90,13,1,0
BRDA:91,14,0,0
BRDA:91,14,1,0
BRDA:95,15,0,0
BRDA:95,15,1,0
BRDA:100,16,0,0
BRDA:100,16,1,0
BRDA:119,17,0,0
BRDA:119,17,1,0
BRDA:122,18,0,0
BRDA:122,18,1,0
BRDA:136,19,0,0
BRDA:136,19,1,0
BRDA:169,20,0,0
BRDA:169,20,1,0
BRDA:328,21,0,0
BRDA:328,21,1,0
BRDA:354,22,0,0
BRDA:354,22,1,0
BRF:46
BRH:0
end_of_record
TN:
SF:src\services\auditTrail.service.js
FN:8,(anonymous_0)
FNF:1
FNH:1
FNDA:121,(anonymous_0)
DA:1,9
DA:2,9
DA:8,9
DA:25,121
DA:26,121
DA:27,121
DA:29,121
DA:50,121
DA:57,0
DA:63,0
DA:64,0
DA:72,9
LF:12
LH:9
BRDA:13,0,0,57
BRDA:14,1,0,0
BRDA:15,2,0,63
BRDA:16,3,0,63
BRDA:17,4,0,58
BRDA:18,5,0,91
BRDA:19,6,0,1
BRDA:20,7,0,37
BRDA:21,8,0,33
BRDA:23,9,0,58
BRDA:27,10,0,38
BRDA:27,10,1,83
BRDA:63,11,0,0
BRDA:63,11,1,0
BRF:14
BRH:11
end_of_record
TN:
SF:src\services\lease.service.js
FN:77,(anonymous_0)
FN:101,(anonymous_1)
FN:112,(anonymous_2)
FNF:3
FNH:3
FNDA:15,(anonymous_0)
FNDA:17,(anonymous_1)
FNDA:17,(anonymous_2)
DA:75,9
DA:77,9
DA:78,15
DA:79,15
DA:81,15
DA:87,15
DA:88,15
DA:89,3
DA:90,3
DA:93,15
DA:101,9
DA:102,17
DA:112,9
DA:118,17
DA:128,17
DA:130,17
DA:131,17
DA:134,9
LF:18
LH:18
BRDA:88,0,0,3
BRDA:88,0,1,12
BRDA:116,1,0,14
BRDA:128,2,0,3
BRDA:128,2,1,14
BRF:5
BRH:5
end_of_record
TN:
SF:src\services\property.service.js
FN:7,(anonymous_0)
FNF:1
FNH:1
FNDA:9,(anonymous_0)
DA:1,9
DA:7,9
DA:8,9
DA:18,9
DA:26,9
DA:27,1
DA:28,1
DA:29,1
DA:30,1
DA:31,1
DA:34,9
DA:37,9
DA:40,9
LF:13
LH:13
BRDA:28,0,0,1
BRDA:28,0,1,0
BRDA:29,1,0,0
BRDA:29,1,1,1
BRDA:30,2,0,0
BRDA:30,2,1,1
BRDA:31,3,0,0
BRDA:31,3,1,1
BRDA:35,4,0,1
BRDA:35,4,1,8
BRF:10
BRH:6
end_of_record
TN:
SF:src\services\tenantOnboarding.service.js
FN:271,(anonymous_0)
FNF:1
FNH:1
FNDA:12,(anonymous_0)
DA:253,9
DA:254,9
DA:255,9
DA:256,9
DA:257,9
DA:258,9
DA:259,9
DA:260,9
DA:261,9
DA:262,9
DA:267,9
DA:268,9
DA:269,9
DA:271,9
DA:296,12
DA:311,12
DA:314,12
DA:318,12
DA:319,11
DA:320,0
DA:324,11
DA:329,11
DA:330,11
DA:331,0
DA:335,11
DA:336,0
DA:338,11
DA:339,1
DA:343,10
DA:344,10
DA:345,1
DA:352,9
DA:357,9
DA:358,0
DA:365,9
DA:366,9
DA:367,1
DA:373,8
DA:374,8
DA:375,0
DA:382,8
DA:404,8
DA:417,8
DA:418,8
DA:421,8
DA:422,8
DA:444,8
DA:448,8
DA:449,8
DA:451,8
DA:456,8
DA:470,8
DA:472,8
DA:484,8
DA:499,8
DA:502,9
LF:56
LH:51
BRDA:318,0,0,1
BRDA:318,0,1,11
BRDA:319,1,0,0
BRDA:319,1,1,11
BRDA:329,2,0,0
BRDA:329,2,1,11
BRDA:330,3,0,0
BRDA:330,3,1,11
BRDA:335,4,0,0
BRDA:335,4,1,11
BRDA:338,5,0,1
BRDA:338,5,1,10
BRDA:344,6,0,1
BRDA:344,6,1,9
BRDA:357,7,0,0
BRDA:357,7,1,9
BRDA:366,8,0,1
BRDA:366,8,1,8
BRDA:374,9,0,0
BRDA:374,9,1,8
BRDA:388,10,0,8
BRDA:388,10,1,8
BRDA:389,11,0,8
BRDA:389,11,1,8
BRDA:390,12,0,8
BRDA:390,12,1,8
BRDA:391,13,0,8
BRDA:391,13,1,8
BRDA:392,14,0,8
BRDA:392,14,1,8
BRDA:393,15,0,8
BRDA:393,15,1,8
BRDA:394,16,0,8
BRDA:394,16,1,8
BRDA:395,17,0,8
BRDA:395,17,1,8
BRDA:396,18,0,8
BRDA:396,18,1,8
BRDA:397,19,0,8
BRDA:397,19,1,8
BRDA:398,20,0,8
BRDA:398,20,1,8
BRDA:399,21,0,8
BRDA:399,21,1,8
BRDA:431,22,0,8
BRDA:431,22,1,0
BRDA:432,23,0,8
BRDA:432,23,1,0
BRDA:433,24,0,8
BRDA:433,24,1,0
BRDA:434,25,0,8
BRDA:434,25,1,8
BRDA:435,26,0,8
BRDA:435,26,1,8
BRDA:436,27,0,8
BRDA:436,27,1,8
BRDA:437,28,0,8
BRDA:437,28,1,8
BRDA:438,29,0,8
BRDA:438,29,1,8
BRF:60
BRH:51
end_of_record
TN:
SF:src\utils\ApiError.js
FN:2,(anonymous_0)
FNF:1
FNH:1
FNDA:88,(anonymous_0)
DA:3,88
DA:4,88
DA:5,88
DA:6,88
DA:10,9
LF:5
LH:5
BRF:0
BRH:0
end_of_record
TN:
SF:src\utils\crypto.js
FN:7,(anonymous_0)
FN:16,(anonymous_1)
FN:27,(anonymous_2)
FN:37,(anonymous_3)
FN:59,(anonymous_4)
FN:73,(anonymous_5)
FNF:6
FNH:3
FNDA:0,(anonymous_0)
FNDA:22,(anonymous_1)
FNDA:22,(anonymous_2)
FNDA:12,(anonymous_3)
FNDA:0,(anonymous_4)
FNDA:0,(anonymous_5)
DA:1,9
DA:7,9
DA:8,0
DA:16,9
DA:17,22
DA:18,22
DA:19,22
DA:27,9
DA:28,22
DA:29,22
DA:30,22
DA:37,9
DA:38,12
DA:39,12
DA:41,12
DA:47,12
DA:48,12
DA:49,0
DA:50,0
DA:53,12
DA:59,9
DA:60,0
DA:61,0
DA:62,0
DA:65,0
DA:66,0
DA:67,0
DA:73,9
DA:74,0
DA:75,0
DA:76,0
DA:79,0
DA:80,0
DA:81,0
DA:84,9
LF:35
LH:20
BRDA:17,0,0,22
BRDA:17,0,1,0
BRDA:28,1,0,12
BRDA:28,1,1,10
BRDA:48,2,0,0
BRDA:48,2,1,12
BRDA:63,3,0,0
BRDA:63,3,1,0
BRDA:63,4,0,0
BRDA:63,4,1,0
BRDA:77,5,0,0
BRDA:77,5,1,0
BRDA:77,6,0,0
BRDA:77,6,1,0
BRF:14
BRH:4
end_of_record
TN:
SF:src\utils\jwt.js
FN:3,(anonymous_0)
FN:9,(anonymous_1)
FNF:2
FNH:2
FNDA:171,(anonymous_0)
FNDA:151,(anonymous_1)
DA:1,9
DA:3,9
DA:4,171
DA:9,9
DA:10,151
DA:13,9
LF:6
LH:6
BRDA:5,0,0,171
BRDA:5,0,1,0
BRF:2
BRH:1
end_of_record
TN:
SF:src\utils\numberToWords.js
FN:40,(anonymous_0)
FN:52,(anonymous_1)
FN:70,(anonymous_2)
FNF:3
FNH:0
FNDA:0,(anonymous_0)
FNDA:0,(anonymous_1)
FNDA:0,(anonymous_2)
DA:5,0
DA:27,0
DA:40,0
DA:41,0
DA:42,0
DA:43,0
DA:44,0
DA:45,0
DA:52,0
DA:53,0
DA:54,0
DA:56,0
DA:57,0
DA:58,0
DA:59,0
DA:60,0
DA:62,0
DA:63,0
DA:64,0
DA:65,0
DA:67,0
DA:70,0
DA:71,0
DA:72,0
DA:73,0
DA:74,0
DA:75,0
DA:76,0
DA:79,0
LF:29
LH:0
BRDA:41,0,0,0
BRDA:41,0,1,0
BRDA:42,1,0,0
BRDA:42,1,1,0
BRDA:43,2,0,0
BRDA:43,2,1,0
BRDA:44,3,0,0
BRDA:44,3,1,0
BRDA:48,4,0,0
BRDA:48,4,1,0
BRDA:53,5,0,0
BRDA:53,5,1,0
BRDA:54,6,0,0
BRDA:54,6,1,0
BRDA:62,7,0,0
BRDA:62,7,1,0
BRDA:63,8,0,0
BRDA:63,8,1,0
BRDA:64,9,0,0
BRDA:64,9,1,0
BRDA:65,10,0,0
BRDA:65,10,1,0
BRDA:74,11,0,0
BRDA:74,11,1,0
BRF:24
BRH:0
end_of_record
TN:
SF:src\utils\otp.js
FN:7,(anonymous_0)
FN:14,(anonymous_1)
FN:21,(anonymous_2)
FNF:3
FNH:3
FNDA:8,(anonymous_0)
FNDA:8,(anonymous_1)
FNDA:5,(anonymous_2)
DA:1,9
DA:2,9
DA:7,9
DA:8,8
DA:14,9
DA:15,8
DA:21,9
DA:22,5
DA:25,9
LF:9
LH:9
BRF:0
BRH:0
end_of_record
TN:
SF:src\utils\sendEmail.js
FN:3,(anonymous_0)
FN:20,(anonymous_1)
FN:31,(anonymous_2)
FN:42,(anonymous_3)
FN:76,(anonymous_4)
FNF:5
FNH:5
FNDA:19,(anonymous_0)
FNDA:6,(anonymous_1)
FNDA:2,(anonymous_2)
FNDA:8,(anonymous_3)
FNDA:3,(anonymous_4)
DA:1,9
DA:3,9
DA:4,19
DA:5,19
DA:12,19
DA:14,19
DA:15,19
DA:20,9
DA:31,9
DA:42,9
DA:48,8
DA:76,9
DA:84,9
LF:13
LH:13
BRF:0
BRH:0
end_of_record
TN:
SF:src\utils\token.js
FN:8,(anonymous_0)
FN:17,(anonymous_1)
FNF:2
FNH:2
FNDA:8,(anonymous_0)
FNDA:4,(anonymous_1)
DA:1,9
DA:2,9
DA:8,9
DA:9,8
DA:10,8
DA:11,8
DA:17,9
DA:18,4
DA:21,9
LF:9
LH:9
BRF:0
BRH:0
end_of_record
TN:
SF:src\utils\validatePassword.js
FN:8,(anonymous_0)
FNF:1
FNH:1
FNDA:23,(anonymous_0)
DA:1,9
DA:8,9
DA:9,23
DA:10,1
DA:12,22
DA:13,3
DA:18,19
DA:19,1
DA:24,18
DA:25,1
DA:29,9
LF:11
LH:11
BRDA:9,0,0,1
BRDA:9,0,1,22
BRDA:9,1,0,23
BRDA:9,1,1,23
BRDA:12,2,0,3
BRDA:12,2,1,19
BRDA:18,3,0,1
BRDA:18,3,1,18
BRDA:24,4,0,1
BRDA:24,4,1,17
BRF:10
BRH:10
end_of_record
TN:
SF:src\validators\lease.validator.js
FN:29,(anonymous_0)
FN:69,(anonymous_1)
FNF:2
FNH:2
FNDA:13,(anonymous_0)
FNDA:6,(anonymous_1)
DA:1,9
DA:3,9
DA:30,13
DA:31,1
DA:33,12
DA:58,9
DA:70,6
DA:71,1
DA:73,5
DA:82,9
DA:84,9
LF:11
LH:11
BRDA:30,0,0,1
BRDA:30,0,1,12
BRDA:70,1,0,1
BRDA:70,1,1,5
BRF:4
BRH:4
end_of_record
TN:
SF:src\validators\profile.validator.js
FN:38,(anonymous_0)
FNF:1
FNH:0
FNDA:0,(anonymous_0)
DA:1,9
DA:3,9
DA:19,9
DA:30,9
DA:39,0
DA:40,0
DA:42,0
DA:46,9
LF:8
LH:5
BRDA:39,0,0,0
BRDA:39,0,1,0
BRF:2
BRH:0
end_of_record
TN:
SF:src\validators\property.validator.js
FNF:0
FNH:0
DA:1,9
DA:3,9
DA:23,9
DA:47,9
DA:58,9
LF:5
LH:5
BRF:0
BRH:0
end_of_record
TN:
SF:src\validators\tenant.validator.js
FN:18,(anonymous_0)
FN:63,(anonymous_1)
FNF:2
FNH:1
FNDA:0,(anonymous_0)
FNDA:16,(anonymous_1)
DA:1,9
DA:3,9
DA:19,0
DA:20,0
DA:21,0
DA:22,0
DA:23,0
DA:64,16
DA:65,16
DA:66,1
DA:68,15
DA:101,9
DA:127,9
DA:142,9
LF:14
LH:9
BRDA:22,0,0,0
BRDA:22,0,1,0
BRDA:64,1,0,0
BRDA:64,1,1,16
BRDA:65,2,0,1
BRDA:65,2,1,15
BRF:6
BRH:3
end_of_record
TN:
SF:src\validators\tenantSelf.validator.js
FN:29,(anonymous_0)
FN:82,(anonymous_1)
FNF:2
FNH:0
FNDA:0,(anonymous_0)
FNDA:0,(anonymous_1)
DA:1,9
DA:4,9
DA:30,0
DA:31,0
DA:32,0
DA:33,0
DA:34,0
DA:74,9
DA:83,0
DA:84,0
DA:85,0
DA:89,9
LF:12
LH:4
BRDA:33,0,0,0
BRDA:33,0,1,0
BRDA:83,1,0,0
BRDA:83,1,1,0
BRF:4
BRH:0
end_of_record
TN:
SF:src\validators\unit.validator.js
FNF:0
FNH:0
DA:1,9
DA:3,9
DA:33,9
DA:61,9
DA:84,9
LF:5
LH:5
BRF:0
BRH:0
end_of_record
